0 info it worked if it ends with ok
1 verbose cli [ '/home/sparksjj/.nvm/v4.5.0/bin/node',
1 verbose cli   '/home/sparksjj/.nvm/v4.5.0/bin/npm',
1 verbose cli   'install',
1 verbose cli   'masonry-layout' ]
2 info using npm@3.10.6
3 info using node@v4.5.0
4 verbose config Skipping project config: /home/sparksjj/.npmrc. (matches userconfig)
5 silly loadCurrentTree Starting
6 silly install loadCurrentTree
7 silly install readLocalPackageData
8 silly rollbackFailedOptional Starting
9 silly rollbackFailedOptional Finishing
10 silly runTopLevelLifecycles Starting
11 silly runTopLevelLifecycles Finishing
12 silly install printInstalled
13 verbose stack Error: Failed to parse json
13 verbose stack Unexpected token '/' at 12:4
13 verbose stack    // "bootstrap": "^4.0.0-alpha.3",
13 verbose stack    ^
13 verbose stack     at parseError (/home/sparksjj/.nvm/v4.5.0/lib/node_modules/npm/node_modules/read-package-json/read-json.js:390:11)
13 verbose stack     at parseJson (/home/sparksjj/.nvm/v4.5.0/lib/node_modules/npm/node_modules/read-package-json/read-json.js:79:23)
13 verbose stack     at /home/sparksjj/.nvm/v4.5.0/lib/node_modules/npm/node_modules/read-package-json/read-json.js:48:5
13 verbose stack     at /home/sparksjj/.nvm/v4.5.0/lib/node_modules/npm/node_modules/graceful-fs/graceful-fs.js:78:16
13 verbose stack     at FSReqWrap.readFileAfterClose [as oncomplete] (fs.js:380:3)
14 verbose cwd /home/sparksjj/projectsng/urbn
15 error Linux 4.4.0-38-generic
16 error argv "/home/sparksjj/.nvm/v4.5.0/bin/node" "/home/sparksjj/.nvm/v4.5.0/bin/npm" "install" "masonry-layout"
17 error node v4.5.0
18 error npm  v3.10.6
19 error file /home/sparksjj/package.json
20 error code EJSONPARSE
21 error Failed to parse json
21 error Unexpected token '/' at 12:4
21 error    // "bootstrap": "^4.0.0-alpha.3",
21 error    ^
22 error File: /home/sparksjj/package.json
23 error Failed to parse package.json data.
23 error package.json must be actual JSON, not just JavaScript.
23 error
23 error This is not a bug in npm.
23 error Tell the package author to fix their package.json file. JSON.parse
24 verbose exit [ 1, true ]
